Using pre-set license
Built from '2020.3/release' branch; Version is '2020.3.7f1 (dd97f2c94397) revision 14522354'; Using compiler version '192528614'; Build Type 'Release'
OS: 'Windows 10 Home; OS build 22621.819; Version 2009; 64bit' Language: 'tr' Physical Memory: 16335 MB
BatchMode: 1, IsHumanControllingUs: 0, StartBugReporterOnCrash: 0, Is64bit: 1, IsPro: 0

 COMMAND LINE ARGUMENTS:
C:\Program Files\Unity\Hub\Editor\2020.3.7f1\Editor\Unity.exe
-adb2
-batchMode
-noUpm
-name
AssetImportWorker0
-projectPath
C:/Users/HYPERBOX/Desktop/CustomProjects/MergeMechanic/MergeMechanic
-logFile
Logs/AssetImportWorker0.log
-srvPort
50916
Successfully changed project path to: C:/Users/HYPERBOX/Desktop/CustomProjects/MergeMechanic/MergeMechanic
C:/Users/HYPERBOX/Desktop/CustomProjects/MergeMechanic/MergeMechanic
Using Asset Import Pipeline V2.
Refreshing native plugins compatible for Editor in 25.22 ms, found 0 plugins.
Preloading 0 native plugins for Editor in 0.00 ms.
Initialize engine version: 2020.3.7f1 (dd97f2c94397)
[Subsystems] Discovering subsystems at path C:/Program Files/Unity/Hub/Editor/2020.3.7f1/Editor/Data/Resources/UnitySubsystems
[Subsystems] Discovering subsystems at path C:/Users/HYPERBOX/Desktop/CustomProjects/MergeMechanic/MergeMechanic/Assets
GfxDevice: creating device client; threaded=0
Direct3D:
    Version:  Direct3D 11.0 [level 11.1]
    Renderer: NVIDIA GeForce GTX 1650 (ID=0x1f82)
    Vendor:   
    VRAM:     3962 MB
    Driver:   31.0.15.1694
Initialize mono
Mono path[0] = 'C:/Program Files/Unity/Hub/Editor/2020.3.7f1/Editor/Data/Managed'
Mono path[1] = 'C:/Program Files/Unity/Hub/Editor/2020.3.7f1/Editor/Data/MonoBleedingEdge/lib/mono/unityjit'
Mono config path = 'C:/Program Files/Unity/Hub/Editor/2020.3.7f1/Editor/Data/MonoBleedingEdge/etc'
Using monoOptions --debugger-agent=transport=dt_socket,embedding=1,server=y,suspend=n,address=127.0.0.1:56768
Begin MonoManager ReloadAssembly
Registering precompiled unity dll's ...
Register platform support module: C:/Program Files/Unity/Hub/Editor/2020.3.7f1/Editor/Data/PlaybackEngines/WindowsStandaloneSupport/UnityEditor.WindowsStandalone.Extensions.dll
Registered in 0.001432 seconds.
Native extension for WindowsStandalone target not found
Refreshing native plugins compatible for Editor in 26.14 ms, found 0 plugins.
Preloading 0 native plugins for Editor in 0.00 ms.
Mono: successfully reloaded assembly
- Completed reload, in  1.834 seconds
Platform modules already initialized, skipping
Registering precompiled user dll's ...
Registered in 0.001137 seconds.
Begin MonoManager ReloadAssembly
Native extension for WindowsStandalone target not found
Refreshing native plugins compatible for Editor in 0.31 ms, found 0 plugins.
Preloading 0 native plugins for Editor in 0.00 ms.
Mono: successfully reloaded assembly
- Completed reload, in  0.756 seconds
Platform modules already initialized, skipping
========================================================================
Worker process is ready to serve import requests
Launched and connected shader compiler UnityShaderCompiler.exe after 0.03 seconds
Refreshing native plugins compatible for Editor in 0.29 ms, found 0 plugins.
Preloading 0 native plugins for Editor in 0.00 ms.
Unloading 1324 Unused Serialized files (Serialized files now loaded: 0)
System memory in use before: 65.3 MB.
System memory in use after: 65.3 MB.

Unloading 12 unused Assets to reduce memory usage. Loaded Objects now: 1769.
Total: 3.877600 ms (FindLiveObjects: 0.210100 ms CreateObjectMapping: 0.039000 ms MarkObjects: 3.545600 ms  DeleteObjects: 0.081500 ms)

========================================================================
Received Import Request.
  path: Assets/Scripts/TileScripts/TileRayController.cs
  artifactKey: Guid(811f97c5536f1504e8f05c709f1ee144) Importer(815301076,1909f56bfc062723c751e8b465ee728b)
Start importing Assets/Scripts/TileScripts/TileRayController.cs using Guid(811f97c5536f1504e8f05c709f1ee144) Importer(815301076,1909f56bfc062723c751e8b465ee728b)  -> (artifact id: '5fcf1fb9956fbe3350f8e8f7d147f1db') in 0.021535 seconds
  Import took 0.023831 seconds .

========================================================================
Received Import Request.
  Time since last request: 13.037715 seconds.
  path: Assets/Scripts/TileScripts/Tile.cs
  artifactKey: Guid(ac44d05bd6df23e479b51d87da99427c) Importer(815301076,1909f56bfc062723c751e8b465ee728b)
Start importing Assets/Scripts/TileScripts/Tile.cs using Guid(ac44d05bd6df23e479b51d87da99427c) Importer(815301076,1909f56bfc062723c751e8b465ee728b)  -> (artifact id: 'd46e48a76d5623763681ff67da495c0d') in 0.006334 seconds
  Import took 0.009002 seconds .

========================================================================
Received Import Request.
  Time since last request: 4.813712 seconds.
  path: Assets/Scripts/ItemScripts/ItemMoveController.cs
  artifactKey: Guid(d7b1d3331ab52d446a09215a21ac8f35) Importer(815301076,1909f56bfc062723c751e8b465ee728b)
Start importing Assets/Scripts/ItemScripts/ItemMoveController.cs using Guid(d7b1d3331ab52d446a09215a21ac8f35) Importer(815301076,1909f56bfc062723c751e8b465ee728b)  -> (artifact id: '7b3478b4508cd4623073c134a86b985a') in 0.005802 seconds
  Import took 0.008048 seconds .

========================================================================
Received Import Request.
  Time since last request: 0.735905 seconds.
  path: Assets/Scripts/ItemScripts/ItemMovementControllerTest.cs
  artifactKey: Guid(69d41c7168c9f4b46a048f434273a098) Importer(815301076,1909f56bfc062723c751e8b465ee728b)
Start importing Assets/Scripts/ItemScripts/ItemMovementControllerTest.cs using Guid(69d41c7168c9f4b46a048f434273a098) Importer(815301076,1909f56bfc062723c751e8b465ee728b)  -> (artifact id: 'bc240c0b7d22c976adf481be4e6f2f36') in 0.005822 seconds
  Import took 0.008330 seconds .

========================================================================
Received Import Request.
  Time since last request: 19.982018 seconds.
  path: Assets/Scripts/ItemScripts/ItemMergeController.cs
  artifactKey: Guid(1b7c224028411ec44970886bb51b0158) Importer(815301076,1909f56bfc062723c751e8b465ee728b)
Start importing Assets/Scripts/ItemScripts/ItemMergeController.cs using Guid(1b7c224028411ec44970886bb51b0158) Importer(815301076,1909f56bfc062723c751e8b465ee728b)  -> (artifact id: 'd2ce6bfa56f38241c9b9f91c8098820c') in 0.006084 seconds
  Import took 0.008766 seconds .

========================================================================
Received Prepare
Refreshing native plugins compatible for Editor in 1.05 ms, found 0 plugins.
Preloading 0 native plugins for Editor in 0.00 ms.
Unloading 5 Unused Serialized files (Serialized files now loaded: 0)
System memory in use before: 37.8 MB.
System memory in use after: 37.9 MB.

Unloading 5 unused Assets to reduce memory usage. Loaded Objects now: 1769.
Total: 3.472100 ms (FindLiveObjects: 0.180500 ms CreateObjectMapping: 0.032600 ms MarkObjects: 3.206200 ms  DeleteObjects: 0.051800 ms)

